<?xml version="1.0" encoding="UTF-8" ?>
<testsuite errors="0" failures="0" hostname="vergne-fbk" name="de.unisb.cs.st.javalanche.mutation.runtime.testDriver.junit.JavalancheWrapperTestSuite" tests="0" time="34.247" timestamp="2012-05-09T17:43:37">
  <properties>
    <property name="java.vendor" value="Sun Microsystems Inc." />
    <property name="lib.dir" value="javalanche/javalanche-0.4//lib/" />
    <property name="sun.java.launcher" value="SUN_STANDARD" />
    <property name="sun.management.compiler" value="HotSpot 64-Bit Tiered Compilers" />
    <property name="run.mutations.javalanche.project.tests" value="-Djavalanche.tests=net.sf.jabref.swat.ShrinkingDialogTest" />
    <property name="ant.file.type.javalanche-add-tasks" value="file" />
    <property name="os.name" value="Linux" />
    <property name="sun.boot.class.path" value="/usr/lib/jvm/java-6-openjdk-amd64/jre/lib/resources.jar:/usr/lib/jvm/java-6-openjdk-amd64/jre/lib/rt.jar:/usr/lib/jvm/java-6-openjdk-amd64/jre/lib/sunrsasign.jar:/usr/lib/jvm/java-6-openjdk-amd64/jre/lib/jsse.jar:/usr/lib/jvm/java-6-openjdk-amd64/jre/lib/jce.jar:/usr/lib/jvm/java-6-openjdk-amd64/jre/lib/charsets.jar:/usr/lib/jvm/java-6-openjdk-amd64/jre/lib/netx.jar:/usr/lib/jvm/java-6-openjdk-amd64/jre/lib/plugin.jar:/usr/lib/jvm/java-6-openjdk-amd64/jre/lib/rhino.jar:/usr/lib/jvm/java-6-openjdk-amd64/jre/lib/modules/jdk.boot.jar:/usr/lib/jvm/java-6-openjdk-amd64/jre/classes" />
    <property name="run.mutations.javalanche.run.mode" value="-Djavalanche.run.mode=mutation" />
    <property name="javalanche.single.task.file.name" value="/home/vergne/workspace/SWAT/mutation-files/net.sf.jabref.swat_single-task.txt" />
    <property name="javalanche.maxmemory" value="2048m" />
    <property name="java.vm.specification.vendor" value="Sun Microsystems Inc." />
    <property name="ant.home" value="/usr/share/ant" />
    <property name="java.runtime.version" value="1.6.0_24-b24" />
    <property name="javalanche.out.dir" value="/home/vergne/workspace/SWAT/mutation-files" />
    <property name="user.name" value="vergne" />
    <property name="project.prefix" value="net.sf.jabref.swat" />
    <property name="user.language" value="en" />
    <property name="sun.boot.library.path" value="/usr/lib/jvm/java-6-openjdk-amd64/jre/lib/amd64" />
    <property name="proj.shortname" value="javalanche" />
    <property name="run.mutations.mutation.javaagent" value="-javaagent:javalanche/javalanche-0.4//javaagent.jar" />
    <property name="run.mutations.listener" value="-Djavalanche.mutation.test.listener=de.unisb.cs.st.javalanche.mutation.runtime.jmx.JmxMutationTestListener" />
    <property name="javalanche" value="javalanche/javalanche-0.4/" />
    <property name="ant.project.name" value="Javalanche" />
    <property name="java.version" value="1.6.0_24" />
    <property name="user.timezone" value="Europe/Rome" />
    <property name="project.tests" value="net.sf.jabref.swat.ShrinkingDialogTest" />
    <property name="sun.arch.data.model" value="64" />
    <property name="javalanche.tests" value="net.sf.jabref.swat.ShrinkingDialogTest" />
    <property name="ant.file.type.javalanche-import" value="file" />
    <property name="java.endorsed.dirs" value="/usr/lib/jvm/java-6-openjdk-amd64/jre/lib/endorsed" />
    <property name="sun.cpu.isalist" value="" />
    <property name="ant.file.javalanche-import" value="/home/vergne/workspace/SWAT/javalanche/javalanche-0.4/import.xml" />
    <property name="sun.jnu.encoding" value="UTF-8" />
    <property name="file.encoding.pkg" value="sun.io" />
    <property name="cp" value="bin" />
    <property name="file.separator" value="/" />
    <property name="java.specification.name" value="Java Platform API Specification" />
    <property name="javalanche.add.commands" value="-Xmx2048m -Djavalanche.use.junit3runner=false -Djavalanche.trace.bytecode=false -Djavalanche.log.level=notSet " />
    <property name="java.class.version" value="50.0" />
    <property name="javalanche.use.junit3runner" value="false" />
    <property name="user.country" value="US" />
    <property name="java.home" value="/usr/lib/jvm/java-6-openjdk-amd64/jre" />
    <property name="java.vm.info" value="mixed mode" />
    <property name="ant.file" value="/home/vergne/workspace/SWAT/javalanche.xml" />
    <property name="os.version" value="3.2.0-24-generic" />
    <property name="run.mutations.mutation.file" value="-Djavalanche.mutation.file=./mutation-files/mutation-task-net_sf_jabref_swat-01.txt" />
    <property name="path.separator" value=":" />
    <property name="java.vm.version" value="20.0-b12" />
    <property name="javalanche.mutation.javaagent" value="javalanche/javalanche-0.4//javaagent.jar" />
    <property name="ant.library.dir" value="/usr/share/ant/lib" />
    <property name="mutation.file" value="./mutation-files/mutation-task-net_sf_jabref_swat-01.txt" />
    <property name="javalanche.dist.dir" value="javalanche/javalanche-0.4/" />
    <property name="java.awt.printerjob" value="sun.print.PSPrinterJob" />
    <property name="sun.io.unicode.encoding" value="UnicodeLittle" />
    <property name="javalanche.run.mode" value="mutation" />
    <property name="javalanche.arg.line" value="  -javaagent:javalanche/javalanche-0.4//javaagent.jar -Xmx2048m -Djavalanche.use.junit3runner=false -Djavalanche.trace.bytecode=false -Djavalanche.log.level=notSet  -Djavalanche.run.mode=mutation -Djavalanche.project.prefix=net.sf.jabref.swat -Djavalanche.tests=net.sf.jabref.swat.ShrinkingDialogTest -Djavalanche.mutation.file=./mutation-files/mutation-task-net_sf_jabref_swat-01.txt -Djavalanche.mutation.test.listener=de.unisb.cs.st.javalanche.mutation.runtime.jmx.JmxMutationTestListener " />
    <property name="user.home" value="/home/vergne" />
    <property name="java.specification.vendor" value="Sun Microsystems Inc." />
    <property name="java.library.path" value="/usr/lib/jvm/java-6-openjdk-amd64/jre/lib/amd64/server:/usr/lib/jvm/java-6-openjdk-amd64/jre/lib/amd64:/usr/lib/jvm/java-6-openjdk-amd64/jre/../lib/amd64:/usr/java/packages/lib/amd64:/usr/lib/x86_64-linux-gnu/jni:/lib/x86_64-linux-gnu:/usr/lib/x86_64-linux-gnu:/usr/lib/jni:/lib:/usr/lib" />
    <property name="java.vendor.url" value="http://java.sun.com/" />
    <property name="javalanche.mutation.output.dir" value="/home/vergne/workspace/SWAT/mutation-files" />
    <property name="java.vm.vendor" value="Sun Microsystems Inc." />
    <property name="java.runtime.name" value="OpenJDK Runtime Environment" />
    <property name="sun.java.command" value="org.apache.tools.ant.taskdefs.optional.junit.JUnitTestRunner de.unisb.cs.st.javalanche.mutation.runtime.testDriver.junit.JavalancheWrapperTestSuite filtertrace=true haltOnError=false haltOnFailure=false showoutput=true outputtoformatters=true logfailedtests=true logtestlistenerevents=false formatter=org.apache.tools.ant.taskdefs.optional.junit.XMLJUnitResultFormatter,/home/vergne/workspace/SWAT/mutation-files/junit-reports/TEST-de.unisb.cs.st.javalanche.mutation.runtime.testDriver.junit.JavalancheWrapperTestSuite.xml formatter=org.apache.tools.ant.taskdefs.optional.junit.PlainJUnitResultFormatter,/home/vergne/workspace/SWAT/mutation-files/junit-reports/TEST-de.unisb.cs.st.javalanche.mutation.runtime.testDriver.junit.JavalancheWrapperTestSuite.txt crashfile=/home/vergne/workspace/SWAT/junitvmwatcher5911349246552119580.properties propsfile=/home/vergne/workspace/SWAT/junit8328679159313485991.properties" />
    <property name="java.class.path" value="/home/vergne/workspace/SWAT/javalanche/javalanche-0.4/src/main/resources:/home/vergne/workspace/SWAT/javalanche/javalanche-0.4/lib/antlr-2.7.6.jar:/home/vergne/workspace/SWAT/javalanche/javalanche-0.4/lib/asm-debug-all-3.3.1.jar:/home/vergne/workspace/SWAT/javalanche/javalanche-0.4/lib/bsh-2.0b4.jar:/home/vergne/workspace/SWAT/javalanche/javalanche-0.4/lib/c3p0-0.9.1.2.jar:/home/vergne/workspace/SWAT/javalanche/javalanche-0.4/lib/cglib-nodep-2.1_3.jar:/home/vergne/workspace/SWAT/javalanche/javalanche-0.4/lib/commons-collections-2.1.1.jar:/home/vergne/workspace/SWAT/javalanche/javalanche-0.4/lib/commons-io-2.0.1.jar:/home/vergne/workspace/SWAT/javalanche/javalanche-0.4/lib/commons-lang-2.6.jar:/home/vergne/workspace/SWAT/javalanche/javalanche-0.4/lib/commons-logging-1.0.4.jar:/home/vergne/workspace/SWAT/javalanche/javalanche-0.4/lib/dom4j-1.6.1.jar:/home/vergne/workspace/SWAT/javalanche/javalanche-0.4/lib/ds-util-0.3.2.1.jar:/home/vergne/workspace/SWAT/javalanche/javalanche-0.4/lib/ehcache-1.2.3.jar:/home/vergne/workspace/SWAT/javalanche/javalanche-0.4/lib/freemarker-2.3.8.jar:/home/vergne/workspace/SWAT/javalanche/javalanche-0.4/lib/guava-r09.jar:/home/vergne/workspace/SWAT/javalanche/javalanche-0.4/lib/hamcrest-core-1.3.RC2.jar:/home/vergne/workspace/SWAT/javalanche/javalanche-0.4/lib/hamcrest-integration-1.3.RC2.jar:/home/vergne/workspace/SWAT/javalanche/javalanche-0.4/lib/hamcrest-library-1.3.RC2.jar:/home/vergne/workspace/SWAT/javalanche/javalanche-0.4/lib/hibernate-3.2.7.ga.jar:/home/vergne/workspace/SWAT/javalanche/javalanche-0.4/lib/hibernate-annotations-3.3.0.ga.jar:/home/vergne/workspace/SWAT/javalanche/javalanche-0.4/lib/hibernate-commons-annotations-3.3.0.ga.jar:/home/vergne/workspace/SWAT/javalanche/javalanche-0.4/lib/hibernate-tools-3.2.3.GA.jar:/home/vergne/workspace/SWAT/javalanche/javalanche-0.4/lib/hsqldb-1.8.0.10.jar:/home/vergne/workspace/SWAT/javalanche/javalanche-0.4/lib/javalanche-0.4.jar:/home/vergne/workspace/SWAT/javalanche/javalanche-0.4/lib/jgrapht-jdk1.5-0.7.3.jar:/home/vergne/workspace/SWAT/javalanche/javalanche-0.4/lib/jta-1.0.1B.jar:/home/vergne/workspace/SWAT/javalanche/javalanche-0.4/lib/jtidy-r8-20060801.jar:/home/vergne/workspace/SWAT/javalanche/javalanche-0.4/lib/junit-dep-4.8.2.jar:/home/vergne/workspace/SWAT/javalanche/javalanche-0.4/lib/log4j-1.2.16.jar:/home/vergne/workspace/SWAT/javalanche/javalanche-0.4/lib/mysql-connector-java-5.1.17.jar:/home/vergne/workspace/SWAT/javalanche/javalanche-0.4/lib/opencsv-2.3.jar:/home/vergne/workspace/SWAT/javalanche/javalanche-0.4/lib/persistence-api-1.0.jar:/home/vergne/workspace/SWAT/javalanche/javalanche-0.4/lib/xmlpull-1.1.3.1.jar:/home/vergne/workspace/SWAT/javalanche/javalanche-0.4/lib/xpp3_min-1.1.4c.jar:/home/vergne/workspace/SWAT/javalanche/javalanche-0.4/lib/xstream-1.4.1.jar:/home/vergne/workspace/SWAT/bin:/usr/share/ant/lib/junit.jar:/usr/share/java/ant-launcher-1.8.2.jar:/usr/share/ant/lib/ant.jar:/usr/share/ant/lib/ant-junit.jar:/usr/share/ant/lib/ant-junit4.jar:javalanche/javalanche-0.4//javaagent.jar" />
    <property name="ant.version" value="Apache Ant(TM) version 1.8.2 compiled on December 3 2011" />
    <property name="javalanche.mutation.file" value="./mutation-files/mutation-task-net_sf_jabref_swat-01.txt" />
    <property name="javalanche.project.prefix" value="net.sf.jabref.swat" />
    <property name="ant.file.type.Javalanche" value="file" />
    <property name="javalanche.add.arg" value="" />
    <property name="java.vm.specification.name" value="Java Virtual Machine Specification" />
    <property name="ant.file.type" value="file" />
    <property name="java.vm.specification.version" value="1.0" />
    <property name="sun.os.patch.level" value="unknown" />
    <property name="sun.cpu.endian" value="little" />
    <property name="tests" value="net.sf.jabref.swat.ShrinkingDialogTest" />
    <property name="java.io.tmpdir" value="/tmp" />
    <property name="ant.file.javalanche-tasks" value="/home/vergne/workspace/SWAT/javalanche/javalanche-0.4/src/main/resources/javalanche-tasks.xml" />
    <property name="prefix" value="net.sf.jabref.swat" />
    <property name="java.vendor.url.bug" value="http://java.sun.com/cgi-bin/bugreport.cgi" />
    <property name="ant.file.Javalanche" value="/home/vergne/workspace/SWAT/javalanche.xml" />
    <property name="javalanche.dir" value="/home/vergne/workspace/SWAT/javalanche/javalanche-0.4" />
    <property name="ant.file.javalanche-add-tasks" value="/home/vergne/workspace/SWAT/javalanche/javalanche-0.4/src/main/resources/javalanche-add-tasks.xml" />
    <property name="java.awt.graphicsenv" value="sun.awt.X11GraphicsEnvironment" />
    <property name="os.arch" value="amd64" />
    <property name="javalanche.wrapper.testsuite" value="de.unisb.cs.st.javalanche.mutation.runtime.testDriver.junit.JavalancheWrapperTestSuite" />
    <property name="javalanche.mutation.test.listener" value="de.unisb.cs.st.javalanche.mutation.runtime.jmx.JmxMutationTestListener" />
    <property name="java.ext.dirs" value="/usr/lib/jvm/java-6-openjdk-amd64/jre/lib/ext:/usr/java/packages/lib/ext" />
    <property name="user.dir" value="/home/vergne/workspace/SWAT" />
    <property name="run.mutations.javalanche.package.prefix" value="-Djavalanche.project.prefix=net.sf.jabref.swat" />
    <property name="line.separator" value="&#xa;" />
    <property name="java.vm.name" value="OpenJDK 64-Bit Server VM" />
    <property name="javalanche.log.level" value="notSet" />
    <property name="basedir" value="/home/vergne/workspace/SWAT" />
    <property name="ant.java.version" value="1.6" />
    <property name="javalanche.trace.bytecode" value="false" />
    <property name="ant.core.lib" value="/usr/share/ant/lib/ant.jar" />
    <property name="file.encoding" value="UTF-8" />
    <property name="javalanche.config.properties" value="" />
    <property name="javalanche.task" value="javalancheTask" />
    <property name="javalanche.location" value="javalanche/javalanche-0.4/" />
    <property name="mutation.jars.dir" value="javalanche/javalanche-0.4//lib/" />
    <property name="junit3" value="false" />
    <property name="mutation.base.dir" value="javalanche/javalanche-0.4/" />
    <property name="java.specification.version" value="1.6" />
    <property name="ant.project.invoked-targets" value="javalancheTask" />
    <property name="ant.file.type.javalanche-tasks" value="file" />
  </properties>
  <system-out><![CDATA[Applying 1th mutation with id 63. Running 1 tests
Applying 2th mutation with id 64. Running 1 tests
Applying 3th mutation with id 65. Running 1 tests
Applying 4th mutation with id 66. Running 1 tests
Applying 5th mutation with id 67. Running 1 tests
Applying 6th mutation with id 68. Running 1 tests
Applying 7th mutation with id 69. Running 1 tests
Applying 8th mutation with id 70. Running 1 tests
Applying 9th mutation with id 71. Running 1 tests
Applying 10th mutation with id 72. Running 1 tests
Applying 11th mutation with id 73. Running 1 tests
Applying 12th mutation with id 74. Running 1 tests
Applying 13th mutation with id 75. Running 1 tests
Applying 14th mutation with id 76. Running 1 tests
Applying 15th mutation with id 77. Running 1 tests
Applying 16th mutation with id 78. Running 1 tests
Applying 17th mutation with id 79. Running 1 tests
Applying 18th mutation with id 80. Running 2 tests
Applying 19th mutation with id 81. Running 2 tests
Applying 20th mutation with id 82. Running 2 tests
Applying 21th mutation with id 83. Running 2 tests
Applying 22th mutation with id 84. Running 2 tests
Applying 23th mutation with id 85. Running 2 tests
Applying 24th mutation with id 86. Running 2 tests
Applying 25th mutation with id 87. Running 2 tests
Applying 26th mutation with id 88. Running 2 tests
Applying 27th mutation with id 89. Running 2 tests
Applying 28th mutation with id 90. Running 2 tests
Applying 29th mutation with id 91. Running 2 tests
Applying 30th mutation with id 92. Running 2 tests
Applying 31th mutation with id 93. Running 2 tests
Applying 32th mutation with id 94. Running 2 tests
Applying 33th mutation with id 95. Running 2 tests
Applying 34th mutation with id 96. Running 2 tests
Applying 35th mutation with id 97. Running 2 tests
Applying 36th mutation with id 98. Running 2 tests
Applying 37th mutation with id 99. Running 2 tests
Applying 38th mutation with id 100. Running 2 tests
Applying 39th mutation with id 101. Running 2 tests
Applying 40th mutation with id 102. Running 2 tests
Applying 41th mutation with id 103. Running 2 tests
Applying 42th mutation with id 104. Running 2 tests
Applying 43th mutation with id 105. Running 2 tests
Applying 44th mutation with id 106. Running 2 tests
Applying 45th mutation with id 107. Running 2 tests
Applying 46th mutation with id 108. Running 2 tests
Applying 47th mutation with id 109. Running 2 tests
Applying 48th mutation with id 110. Running 2 tests
ALL_RESULTS
All mutations have results - this means they have already been applied and executed
48 mutations were applied. 48 Mutation results were recorded. 48 Mutations where actually touched.
]]></system-out>
  <system-err><![CDATA[Exception in thread "AWT-XAWT" java.lang.IllegalMonitorStateException
	at java.util.concurrent.locks.ReentrantLock$Sync.tryRelease(ReentrantLock.java:155)
	at java.util.concurrent.locks.AbstractQueuedSynchronizer.release(AbstractQueuedSynchronizer.java:1262)
	at java.util.concurrent.locks.ReentrantLock.unlock(ReentrantLock.java:459)
	at sun.awt.SunToolkit.awtUnlock(SunToolkit.java:272)
	at sun.awt.X11.XToolkit.run(XToolkit.java:616)
	at sun.awt.X11.XToolkit.run(XToolkit.java:543)
	at java.lang.Thread.run(Thread.java:679)
]]></system-err>
</testsuite>
